0 info it worked if it ends with ok
1 verbose cli [
1 verbose cli   'C:\\Program Files (x86)\\nodejs\\node.exe',
1 verbose cli   'C:\\Program Files (x86)\\nodejs\\node_modules\\npm\\bin\\npm-cli.js',
1 verbose cli   'start'
1 verbose cli ]
2 info using npm@6.14.13
3 info using node@v14.17.0
4 verbose run-script [ 'prestart', 'start', 'poststart' ]
5 info lifecycle my-react-app@0.1.0~prestart: my-react-app@0.1.0
6 info lifecycle my-react-app@0.1.0~start: my-react-app@0.1.0
7 verbose lifecycle my-react-app@0.1.0~start: unsafe-perm in lifecycle true
8 verbose lifecycle my-react-app@0.1.0~start: PATH: C:\Program Files (x86)\nodejs\node_modules\npm\node_modules\npm-lifecycle\node-gyp-bin;C:\Users\20wjs\OneDrive - 한국항공대학교\♥computer♥\tutoring_project\my-react-app\node_modules\.bin;";C:\Windows\system32";C:\Windows;C:\Windows\System32\Wbem;C:\Windows\System32\WindowsPowerShell\v1.0\;C:\Windows\System32\OpenSSH\;C:\Program Files\Git\cmd;C:\Program Files (x86)\nodejs\;C:\Program Files (x86)\nodejs;C:\Users\20wjs\AppData\Local\Microsoft\WindowsApps;C:\Users\20wjs\AppData\Local\GitHubDesktop\bin;C:\Users\20wjs\AppData\Local\Programs\Microsoft VS Code\bin;C:\Users\20wjs\AppData\Roaming\npm;
9 verbose lifecycle my-react-app@0.1.0~start: CWD: C:\Users\20wjs\OneDrive - 한국항공대학교\♥computer♥\tutoring_project\my-react-app
10 silly lifecycle my-react-app@0.1.0~start: Args: [ '/d /s /c', 'react-scripts start' ]
11 silly lifecycle my-react-app@0.1.0~start: Returned: code: 1  signal: null
12 info lifecycle my-react-app@0.1.0~start: Failed to exec start script
13 verbose stack Error: my-react-app@0.1.0 start: `react-scripts start`
13 verbose stack Exit status 1
13 verbose stack     at EventEmitter.<anonymous> (C:\Program Files (x86)\nodejs\node_modules\npm\node_modules\npm-lifecycle\index.js:332:16)
13 verbose stack     at EventEmitter.emit (events.js:376:20)
13 verbose stack     at ChildProcess.<anonymous> (C:\Program Files (x86)\nodejs\node_modules\npm\node_modules\npm-lifecycle\lib\spawn.js:55:14)
13 verbose stack     at ChildProcess.emit (events.js:376:20)
13 verbose stack     at maybeClose (internal/child_process.js:1055:16)
13 verbose stack     at Process.ChildProcess._handle.onexit (internal/child_process.js:288:5)
14 verbose pkgid my-react-app@0.1.0
15 verbose cwd C:\Users\20wjs\OneDrive - 한국항공대학교\♥computer♥\tutoring_project\my-react-app
16 verbose Windows_NT 10.0.19042
17 verbose argv "C:\\Program Files (x86)\\nodejs\\node.exe" "C:\\Program Files (x86)\\nodejs\\node_modules\\npm\\bin\\npm-cli.js" "start"
18 verbose node v14.17.0
19 verbose npm  v6.14.13
20 error code ELIFECYCLE
21 error errno 1
22 error my-react-app@0.1.0 start: `react-scripts start`
22 error Exit status 1
23 error Failed at the my-react-app@0.1.0 start script.
23 error This is probably not a problem with npm. There is likely additional logging output above.
24 verbose exit [ 1, true ]
